<?xml version="1.0" encoding="UTF-8"?>
<testng-results ignored="0" total="1" passed="1" failed="0" skipped="0">
  <reporter-output>
  </reporter-output>
  <suite started-at="2025-02-09T20:08:54 IST" name="Default suite" finished-at="2025-02-09T20:09:14 IST" duration-ms="19561">
    <groups>
    </groups>
    <test started-at="2025-02-09T20:08:54 IST" name="Default test" finished-at="2025-02-09T20:09:14 IST" duration-ms="19561">
      <class name="tests.CreateOffer">
        <test-method is-config="true" signature="launchApp()[pri:0, instance:tests.CreateOffer@123ef382]" started-at="2025-02-09T20:08:54 IST" name="launchApp" finished-at="2025-02-09T20:09:02 IST" duration-ms="7585" status="PASS">
          <reporter-output>
          </reporter-output>
        </test-method> <!-- launchApp -->
        <test-method signature="createOffer(java.util.HashMap)[pri:0, instance:tests.CreateOffer@123ef382]" started-at="2025-02-09T20:09:02 IST" name="createOffer" data-provider="getData" finished-at="2025-02-09T20:09:13 IST" duration-ms="11521" status="PASS">
          <params>
            <param index="0">
              <value>
                <![CDATA[{subCategory=Flip-flops, product=Fully customizable beach flip-flops | PE sole | PVC straps, quantity=50, menu=Clothing, category=Personalized footwear}]]>
              </value>
            </param>
          </params>
          <reporter-output>
          </reporter-output>
        </test-method> <!-- createOffer -->
        <test-method is-config="true" signature="tearDown()[pri:0, instance:tests.CreateOffer@123ef382]" started-at="2025-02-09T20:09:13 IST" name="tearDown" finished-at="2025-02-09T20:09:14 IST" duration-ms="375" status="PASS">
          <reporter-output>
          </reporter-output>
        </test-method> <!-- tearDown -->
      </class> <!-- tests.CreateOffer -->
    </test> <!-- Default test -->
  </suite> <!-- Default suite -->
</testng-results>
